  [1m[35m (190.2ms)[0m  [1m[35mCREATE DATABASE "music_app_development" ENCODING = 'unicode'[0m
  ↳ bin/rails:4
  [1m[35m (73.7ms)[0m  [1m[35mCREATE DATABASE "music_app_test" ENCODING = 'unicode'[0m
  ↳ bin/rails:4
Started GET "/cats" for ::1 at 2020-05-19 14:46:18 -0700
  
ActiveRecord::PendingMigrationError (

Migrations are pending. To resolve this issue, run:

        bin/rails db:migrate RAILS_ENV=development

):
  
activerecord (5.2.4.3) lib/active_record/migration.rb:579:in `check_pending!'
activerecord (5.2.4.3) lib/active_record/migration.rb:556:in `call'
actionpack (5.2.4.3) lib/action_dispatch/middleware/callbacks.rb:28:in `block in call'
activesupport (5.2.4.3) lib/active_support/callbacks.rb:98:in `run_callbacks'
actionpack (5.2.4.3) lib/action_dispatch/middleware/callbacks.rb:26:in `call'
actionpack (5.2.4.3) lib/action_dispatch/middleware/executor.rb:14:in `call'
actionpack (5.2.4.3) lib/action_dispatch/middleware/debug_exceptions.rb:61:in `call'
web-console (3.7.0) lib/web_console/middleware.rb:135:in `call_app'
web-console (3.7.0) lib/web_console/middleware.rb:30:in `block in call'
web-console (3.7.0) lib/web_console/middleware.rb:20:in `catch'
web-console (3.7.0) lib/web_console/middleware.rb:20:in `call'
actionpack (5.2.4.3) lib/action_dispatch/middleware/show_exceptions.rb:33:in `call'
railties (5.2.4.3) lib/rails/rack/logger.rb:38:in `call_app'
railties (5.2.4.3) lib/rails/rack/logger.rb:26:in `block in call'
activesupport (5.2.4.3) lib/active_support/tagged_logging.rb:71:in `block in tagged'
activesupport (5.2.4.3) lib/active_support/tagged_logging.rb:28:in `tagged'
activesupport (5.2.4.3) lib/active_support/tagged_logging.rb:71:in `tagged'
railties (5.2.4.3) lib/rails/rack/logger.rb:26:in `call'
sprockets-rails (3.2.1) lib/sprockets/rails/quiet_assets.rb:13:in `call'
actionpack (5.2.4.3) lib/action_dispatch/middleware/remote_ip.rb:81:in `call'
actionpack (5.2.4.3) lib/action_dispatch/middleware/request_id.rb:27:in `call'
rack (2.2.2) lib/rack/method_override.rb:24:in `call'
rack (2.2.2) lib/rack/runtime.rb:22:in `call'
activesupport (5.2.4.3) lib/active_support/cache/strategy/local_cache_middleware.rb:29:in `call'
actionpack (5.2.4.3) lib/action_dispatch/middleware/executor.rb:14:in `call'
actionpack (5.2.4.3) lib/action_dispatch/middleware/static.rb:127:in `call'
rack (2.2.2) lib/rack/sendfile.rb:110:in `call'
railties (5.2.4.3) lib/rails/engine.rb:524:in `call'
puma (3.12.5) lib/puma/configuration.rb:227:in `call'
puma (3.12.5) lib/puma/server.rb:675:in `handle_request'
puma (3.12.5) lib/puma/server.rb:476:in `process_client'
puma (3.12.5) lib/puma/server.rb:334:in `block in run'
puma (3.12.5) lib/puma/thread_pool.rb:135:in `block in spawn_thread'
Started GET "/" for ::1 at 2020-05-19 14:46:25 -0700
  
ActiveRecord::PendingMigrationError (

Migrations are pending. To resolve this issue, run:

        bin/rails db:migrate RAILS_ENV=development

):
  
activerecord (5.2.4.3) lib/active_record/migration.rb:579:in `check_pending!'
activerecord (5.2.4.3) lib/active_record/migration.rb:556:in `call'
actionpack (5.2.4.3) lib/action_dispatch/middleware/callbacks.rb:28:in `block in call'
activesupport (5.2.4.3) lib/active_support/callbacks.rb:98:in `run_callbacks'
actionpack (5.2.4.3) lib/action_dispatch/middleware/callbacks.rb:26:in `call'
actionpack (5.2.4.3) lib/action_dispatch/middleware/executor.rb:14:in `call'
actionpack (5.2.4.3) lib/action_dispatch/middleware/debug_exceptions.rb:61:in `call'
web-console (3.7.0) lib/web_console/middleware.rb:135:in `call_app'
web-console (3.7.0) lib/web_console/middleware.rb:30:in `block in call'
web-console (3.7.0) lib/web_console/middleware.rb:20:in `catch'
web-console (3.7.0) lib/web_console/middleware.rb:20:in `call'
actionpack (5.2.4.3) lib/action_dispatch/middleware/show_exceptions.rb:33:in `call'
railties (5.2.4.3) lib/rails/rack/logger.rb:38:in `call_app'
railties (5.2.4.3) lib/rails/rack/logger.rb:26:in `block in call'
activesupport (5.2.4.3) lib/active_support/tagged_logging.rb:71:in `block in tagged'
activesupport (5.2.4.3) lib/active_support/tagged_logging.rb:28:in `tagged'
activesupport (5.2.4.3) lib/active_support/tagged_logging.rb:71:in `tagged'
railties (5.2.4.3) lib/rails/rack/logger.rb:26:in `call'
sprockets-rails (3.2.1) lib/sprockets/rails/quiet_assets.rb:13:in `call'
actionpack (5.2.4.3) lib/action_dispatch/middleware/remote_ip.rb:81:in `call'
actionpack (5.2.4.3) lib/action_dispatch/middleware/request_id.rb:27:in `call'
rack (2.2.2) lib/rack/method_override.rb:24:in `call'
rack (2.2.2) lib/rack/runtime.rb:22:in `call'
activesupport (5.2.4.3) lib/active_support/cache/strategy/local_cache_middleware.rb:29:in `call'
actionpack (5.2.4.3) lib/action_dispatch/middleware/executor.rb:14:in `call'
actionpack (5.2.4.3) lib/action_dispatch/middleware/static.rb:127:in `call'
rack (2.2.2) lib/rack/sendfile.rb:110:in `call'
railties (5.2.4.3) lib/rails/engine.rb:524:in `call'
puma (3.12.5) lib/puma/configuration.rb:227:in `call'
puma (3.12.5) lib/puma/server.rb:675:in `handle_request'
puma (3.12.5) lib/puma/server.rb:476:in `process_client'
puma (3.12.5) lib/puma/server.rb:334:in `block in run'
puma (3.12.5) lib/puma/thread_pool.rb:135:in `block in spawn_thread'
  [1m[35m (55.1ms)[0m  [1m[35mCREATE TABLE "schema_migrations" ("version" character varying NOT NULL PRIMARY KEY)[0m
  ↳ bin/rails:4
  [1m[35m (4.7ms)[0m  [1m[35mCREATE TABLE "ar_internal_metadata" ("key" character varying NOT NULL PRIMARY KEY, "value" character varying, "created_at" timestamp NOT NULL, "updated_at" timestamp NOT NULL)[0m
  ↳ bin/rails:4
  [1m[35m (0.7ms)[0m  [1m[34mSELECT pg_try_advisory_lock(4505726345591715405)[0m
  ↳ bin/rails:4
  [1m[35m (0.7ms)[0m  [1m[34mSELECT "schema_migrations"."version" FROM "schema_migrations" ORDER BY "schema_migrations"."version" ASC[0m
  ↳ bin/rails:4
Migrating to CreateUsers (20200519211044)
  [1m[35m (0.1ms)[0m  [1m[35mBEGIN[0m
  ↳ bin/rails:4
  [1m[35m (7.9ms)[0m  [1m[35mCREATE TABLE "users" ("id" bigserial primary key, "email" character varying NOT NULL, "password_digest" character varying NOT NULL, "session_token" character varying NOT NULL, "created_at" timestamp NOT NULL, "updated_at" timestamp NOT NULL)[0m
  ↳ db/migrate/20200519211044_create_users.rb:3
  [1m[35m (1.8ms)[0m  [1m[35mCREATE  INDEX  "index_users_on_session_token" ON "users"  ("session_token")[0m
  ↳ db/migrate/20200519211044_create_users.rb:11
  [1m[36mActiveRecord::SchemaMigration Create (0.4ms)[0m  [1m[32mINSERT INTO "schema_migrations" ("version") VALUES ($1) RETURNING "version"[0m  [["version", "20200519211044"]]
  ↳ bin/rails:4
  [1m[35m (0.9ms)[0m  [1m[35mCOMMIT[0m
  ↳ bin/rails:4
  [1m[36mActiveRecord::InternalMetadata Load (0.5ms)[0m  [1m[34mSELECT  "ar_internal_metadata".* FROM "ar_internal_metadata" WHERE "ar_internal_metadata"."key" = $1 LIMIT $2[0m  [["key", "environment"], ["LIMIT", 1]]
  ↳ bin/rails:4
  [1m[35m (0.1ms)[0m  [1m[35mBEGIN[0m
  ↳ bin/rails:4
  [1m[36mActiveRecord::InternalMetadata Create (0.6ms)[0m  [1m[32mINSERT INTO "ar_internal_metadata" ("key", "value", "created_at", "updated_at") VALUES ($1, $2, $3, $4) RETURNING "key"[0m  [["key", "environment"], ["value", "development"], ["created_at", "2020-05-19 21:46:42.730444"], ["updated_at", "2020-05-19 21:46:42.730444"]]
  ↳ bin/rails:4
  [1m[35m (0.2ms)[0m  [1m[35mCOMMIT[0m
  ↳ bin/rails:4
  [1m[35m (0.3ms)[0m  [1m[34mSELECT pg_advisory_unlock(4505726345591715405)[0m
  ↳ bin/rails:4
  [1m[35m (0.3ms)[0m  [1m[34mSELECT "schema_migrations"."version" FROM "schema_migrations" ORDER BY "schema_migrations"."version" ASC[0m
  ↳ bin/rails:4
  [1m[35m (0.8ms)[0m  [1m[34mSELECT "schema_migrations"."version" FROM "schema_migrations" ORDER BY "schema_migrations"."version" ASC[0m
  ↳ bin/rails:4
Started GET "/" for ::1 at 2020-05-19 14:46:56 -0700
  [1m[35m (0.9ms)[0m  [1m[34mSELECT "schema_migrations"."version" FROM "schema_migrations" ORDER BY "schema_migrations"."version" ASC[0m
  ↳ /Users/elishakutnick/vendor/bundle/ruby/2.5.0/gems/activerecord-5.2.4.3/lib/active_record/log_subscriber.rb:98
Processing by Rails::WelcomeController#index as HTML
  Rendering /Users/elishakutnick/vendor/bundle/ruby/2.5.0/gems/railties-5.2.4.3/lib/rails/templates/rails/welcome/index.html.erb
  Rendered /Users/elishakutnick/vendor/bundle/ruby/2.5.0/gems/railties-5.2.4.3/lib/rails/templates/rails/welcome/index.html.erb (2.2ms)
Completed 200 OK in 14ms (Views: 6.7ms | ActiveRecord: 0.0ms)


Started GET "/users" for ::1 at 2020-05-19 14:47:00 -0700
  
ActionController::RoutingError (No route matches [GET] "/users"):
  
actionpack (5.2.4.3) lib/action_dispatch/middleware/debug_exceptions.rb:65:in `call'
web-console (3.7.0) lib/web_console/middleware.rb:135:in `call_app'
web-console (3.7.0) lib/web_console/middleware.rb:30:in `block in call'
web-console (3.7.0) lib/web_console/middleware.rb:20:in `catch'
web-console (3.7.0) lib/web_console/middleware.rb:20:in `call'
actionpack (5.2.4.3) lib/action_dispatch/middleware/show_exceptions.rb:33:in `call'
railties (5.2.4.3) lib/rails/rack/logger.rb:38:in `call_app'
railties (5.2.4.3) lib/rails/rack/logger.rb:26:in `block in call'
activesupport (5.2.4.3) lib/active_support/tagged_logging.rb:71:in `block in tagged'
activesupport (5.2.4.3) lib/active_support/tagged_logging.rb:28:in `tagged'
activesupport (5.2.4.3) lib/active_support/tagged_logging.rb:71:in `tagged'
railties (5.2.4.3) lib/rails/rack/logger.rb:26:in `call'
sprockets-rails (3.2.1) lib/sprockets/rails/quiet_assets.rb:13:in `call'
actionpack (5.2.4.3) lib/action_dispatch/middleware/remote_ip.rb:81:in `call'
actionpack (5.2.4.3) lib/action_dispatch/middleware/request_id.rb:27:in `call'
rack (2.2.2) lib/rack/method_override.rb:24:in `call'
rack (2.2.2) lib/rack/runtime.rb:22:in `call'
activesupport (5.2.4.3) lib/active_support/cache/strategy/local_cache_middleware.rb:29:in `call'
actionpack (5.2.4.3) lib/action_dispatch/middleware/executor.rb:14:in `call'
actionpack (5.2.4.3) lib/action_dispatch/middleware/static.rb:127:in `call'
rack (2.2.2) lib/rack/sendfile.rb:110:in `call'
railties (5.2.4.3) lib/rails/engine.rb:524:in `call'
puma (3.12.5) lib/puma/configuration.rb:227:in `call'
puma (3.12.5) lib/puma/server.rb:675:in `handle_request'
puma (3.12.5) lib/puma/server.rb:476:in `process_client'
puma (3.12.5) lib/puma/server.rb:334:in `block in run'
puma (3.12.5) lib/puma/thread_pool.rb:135:in `block in spawn_thread'
Started GET "/users/new" for ::1 at 2020-05-19 14:47:05 -0700
Processing by UsersController#new as HTML
Completed 500 Internal Server Error in 2ms (ActiveRecord: 0.0ms)


  
SyntaxError (/Users/elishakutnick/Desktop/aA_Coursework/W7D2/music_app/app/models/user.rb:28: syntax error, unexpected '=', expecting ';' or '\n'
  def password =(password)
               ^
/Users/elishakutnick/Desktop/aA_Coursework/W7D2/music_app/app/models/user.rb:38: syntax error, unexpected keyword_end, expecting end-of-input):
  
app/models/user.rb:28: syntax error, unexpected '=', expecting ';' or '\n'
app/models/user.rb:38: syntax error, unexpected keyword_end, expecting end-of-input
app/controllers/users_controller.rb:3:in `new'
Started GET "/users/new" for ::1 at 2020-05-19 14:47:27 -0700
Processing by UsersController#new as HTML
  Rendering users/new.html.erb within layouts/application
  Rendered users/new.html.erb within layouts/application (0.2ms)
Completed 200 OK in 621ms (Views: 602.5ms | ActiveRecord: 9.2ms)


Started GET "/users/new" for ::1 at 2020-05-19 14:50:15 -0700
Processing by UsersController#new as HTML
  Rendering users/new.html.erb within layouts/application
  Rendered users/new.html.erb within layouts/application (269.8ms)
Completed 500 Internal Server Error in 280ms (ActiveRecord: 0.0ms)


  
ActionView::Template::Error (undefined local variable or method `users_url' for #<#<Class:0x00007fa6176f15c0>:0x00007fa61c3fabf0>):
    1: <h1>Hello, sign up here!</h1>
    2: 
    3: <form class='form' action="<%= users_url %>" method="post">
    4:   <input
    5:     type="hidden"
    6:     name="authenticity_token"
  
app/views/users/new.html.erb:3:in `_app_views_users_new_html_erb___3682792173216365950_70175707614320'
app/controllers/users_controller.rb:4:in `new'
Started GET "/users/new" for ::1 at 2020-05-19 14:51:23 -0700
Processing by UsersController#new as HTML
  Rendering users/new.html.erb within layouts/application
  Rendered users/new.html.erb within layouts/application (0.7ms)
Completed 200 OK in 51ms (Views: 31.8ms | ActiveRecord: 10.8ms)


Started GET "/cats" for ::1 at 2020-05-19 15:27:36 -0700
  
ActionController::RoutingError (No route matches [GET] "/cats"):
  
actionpack (5.2.4.3) lib/action_dispatch/middleware/debug_exceptions.rb:65:in `call'
web-console (3.7.0) lib/web_console/middleware.rb:135:in `call_app'
web-console (3.7.0) lib/web_console/middleware.rb:30:in `block in call'
web-console (3.7.0) lib/web_console/middleware.rb:20:in `catch'
web-console (3.7.0) lib/web_console/middleware.rb:20:in `call'
actionpack (5.2.4.3) lib/action_dispatch/middleware/show_exceptions.rb:33:in `call'
railties (5.2.4.3) lib/rails/rack/logger.rb:38:in `call_app'
railties (5.2.4.3) lib/rails/rack/logger.rb:26:in `block in call'
activesupport (5.2.4.3) lib/active_support/tagged_logging.rb:71:in `block in tagged'
activesupport (5.2.4.3) lib/active_support/tagged_logging.rb:28:in `tagged'
activesupport (5.2.4.3) lib/active_support/tagged_logging.rb:71:in `tagged'
railties (5.2.4.3) lib/rails/rack/logger.rb:26:in `call'
sprockets-rails (3.2.1) lib/sprockets/rails/quiet_assets.rb:13:in `call'
actionpack (5.2.4.3) lib/action_dispatch/middleware/remote_ip.rb:81:in `call'
actionpack (5.2.4.3) lib/action_dispatch/middleware/request_id.rb:27:in `call'
rack (2.2.2) lib/rack/method_override.rb:24:in `call'
rack (2.2.2) lib/rack/runtime.rb:22:in `call'
activesupport (5.2.4.3) lib/active_support/cache/strategy/local_cache_middleware.rb:29:in `call'
actionpack (5.2.4.3) lib/action_dispatch/middleware/executor.rb:14:in `call'
actionpack (5.2.4.3) lib/action_dispatch/middleware/static.rb:127:in `call'
rack (2.2.2) lib/rack/sendfile.rb:110:in `call'
railties (5.2.4.3) lib/rails/engine.rb:524:in `call'
puma (3.12.5) lib/puma/configuration.rb:227:in `call'
puma (3.12.5) lib/puma/server.rb:675:in `handle_request'
puma (3.12.5) lib/puma/server.rb:476:in `process_client'
puma (3.12.5) lib/puma/server.rb:334:in `block in run'
puma (3.12.5) lib/puma/thread_pool.rb:135:in `block in spawn_thread'
Started GET "/" for ::1 at 2020-05-19 15:27:41 -0700
Processing by Rails::WelcomeController#index as HTML
  Rendering /Users/elishakutnick/vendor/bundle/ruby/2.5.0/gems/railties-5.2.4.3/lib/rails/templates/rails/welcome/index.html.erb
  Rendered /Users/elishakutnick/vendor/bundle/ruby/2.5.0/gems/railties-5.2.4.3/lib/rails/templates/rails/welcome/index.html.erb (3.0ms)
Completed 200 OK in 13ms (Views: 7.2ms | ActiveRecord: 0.0ms)


Started GET "/users" for ::1 at 2020-05-19 15:27:46 -0700
  
AbstractController::ActionNotFound (The action 'index' could not be found for UsersController):
  
actionpack (5.2.4.3) lib/abstract_controller/base.rb:129:in `process'
actionview (5.2.4.3) lib/action_view/rendering.rb:32:in `process'
actionpack (5.2.4.3) lib/action_controller/metal.rb:191:in `dispatch'
actionpack (5.2.4.3) lib/action_controller/metal.rb:252:in `dispatch'
actionpack (5.2.4.3) lib/action_dispatch/routing/route_set.rb:52:in `dispatch'
actionpack (5.2.4.3) lib/action_dispatch/routing/route_set.rb:34:in `serve'
actionpack (5.2.4.3) lib/action_dispatch/journey/router.rb:52:in `block in serve'
actionpack (5.2.4.3) lib/action_dispatch/journey/router.rb:35:in `each'
actionpack (5.2.4.3) lib/action_dispatch/journey/router.rb:35:in `serve'
actionpack (5.2.4.3) lib/action_dispatch/routing/route_set.rb:840:in `call'
rack (2.2.2) lib/rack/tempfile_reaper.rb:15:in `call'
rack (2.2.2) lib/rack/etag.rb:27:in `call'
rack (2.2.2) lib/rack/conditional_get.rb:27:in `call'
rack (2.2.2) lib/rack/head.rb:12:in `call'
actionpack (5.2.4.3) lib/action_dispatch/http/content_security_policy.rb:18:in `call'
rack (2.2.2) lib/rack/session/abstract/id.rb:266:in `context'
rack (2.2.2) lib/rack/session/abstract/id.rb:260:in `call'
actionpack (5.2.4.3) lib/action_dispatch/middleware/cookies.rb:670:in `call'
activerecord (5.2.4.3) lib/active_record/migration.rb:559:in `call'
actionpack (5.2.4.3) lib/action_dispatch/middleware/callbacks.rb:28:in `block in call'
activesupport (5.2.4.3) lib/active_support/callbacks.rb:98:in `run_callbacks'
actionpack (5.2.4.3) lib/action_dispatch/middleware/callbacks.rb:26:in `call'
actionpack (5.2.4.3) lib/action_dispatch/middleware/executor.rb:14:in `call'
actionpack (5.2.4.3) lib/action_dispatch/middleware/debug_exceptions.rb:61:in `call'
web-console (3.7.0) lib/web_console/middleware.rb:135:in `call_app'
web-console (3.7.0) lib/web_console/middleware.rb:30:in `block in call'
web-console (3.7.0) lib/web_console/middleware.rb:20:in `catch'
web-console (3.7.0) lib/web_console/middleware.rb:20:in `call'
actionpack (5.2.4.3) lib/action_dispatch/middleware/show_exceptions.rb:33:in `call'
railties (5.2.4.3) lib/rails/rack/logger.rb:38:in `call_app'
railties (5.2.4.3) lib/rails/rack/logger.rb:26:in `block in call'
activesupport (5.2.4.3) lib/active_support/tagged_logging.rb:71:in `block in tagged'
activesupport (5.2.4.3) lib/active_support/tagged_logging.rb:28:in `tagged'
activesupport (5.2.4.3) lib/active_support/tagged_logging.rb:71:in `tagged'
railties (5.2.4.3) lib/rails/rack/logger.rb:26:in `call'
sprockets-rails (3.2.1) lib/sprockets/rails/quiet_assets.rb:13:in `call'
actionpack (5.2.4.3) lib/action_dispatch/middleware/remote_ip.rb:81:in `call'
actionpack (5.2.4.3) lib/action_dispatch/middleware/request_id.rb:27:in `call'
rack (2.2.2) lib/rack/method_override.rb:24:in `call'
rack (2.2.2) lib/rack/runtime.rb:22:in `call'
activesupport (5.2.4.3) lib/active_support/cache/strategy/local_cache_middleware.rb:29:in `call'
actionpack (5.2.4.3) lib/action_dispatch/middleware/executor.rb:14:in `call'
actionpack (5.2.4.3) lib/action_dispatch/middleware/static.rb:127:in `call'
rack (2.2.2) lib/rack/sendfile.rb:110:in `call'
railties (5.2.4.3) lib/rails/engine.rb:524:in `call'
puma (3.12.5) lib/puma/configuration.rb:227:in `call'
puma (3.12.5) lib/puma/server.rb:675:in `handle_request'
puma (3.12.5) lib/puma/server.rb:476:in `process_client'
puma (3.12.5) lib/puma/server.rb:334:in `block in run'
puma (3.12.5) lib/puma/thread_pool.rb:135:in `block in spawn_thread'
Started GET "/users/new" for ::1 at 2020-05-19 15:28:00 -0700
Processing by UsersController#new as HTML
  Rendering users/new.html.erb within layouts/application
  Rendered users/new.html.erb within layouts/application (0.8ms)
Completed 200 OK in 66ms (Views: 39.8ms | ActiveRecord: 14.6ms)


Started POST "/users" for ::1 at 2020-05-19 15:28:16 -0700
Processing by UsersController#create as HTML
  Parameters: {"authenticity_token"=>"57WD1fo0TQ/8pVCJ5DSxfDrj0pGUcB01ANSwOAdaCd1l0QB70ZHmvRJRqSQj+6bBLE2s6CYK1EvR1Xbd2NGwbQ==", "user"=>{"email"=>"dsasad@gmail.com", "password"=>"[FILTERED]"}}
Completed 500 Internal Server Error in 3ms (ActiveRecord: 0.0ms)


  
NameError (uninitialized constant User::BCrypt):
  
app/models/user.rb:30:in `password='
app/controllers/users_controller.rb:8:in `create'
Started POST "/users" for ::1 at 2020-05-19 15:31:17 -0700
Processing by UsersController#create as HTML
  Parameters: {"authenticity_token"=>"57WD1fo0TQ/8pVCJ5DSxfDrj0pGUcB01ANSwOAdaCd1l0QB70ZHmvRJRqSQj+6bBLE2s6CYK1EvR1Xbd2NGwbQ==", "user"=>{"email"=>"dsasad@gmail.com", "password"=>"[FILTERED]"}}
Completed 500 Internal Server Error in 6ms (ActiveRecord: 0.0ms)


  
NameError (uninitialized constant User::BCrypt):
  
app/models/user.rb:30:in `password='
app/controllers/users_controller.rb:8:in `create'
Started POST "/users" for ::1 at 2020-05-19 15:32:02 -0700
  [1m[35m (1.3ms)[0m  [1m[34mSELECT "schema_migrations"."version" FROM "schema_migrations" ORDER BY "schema_migrations"."version" ASC[0m
  ↳ /Users/elishakutnick/vendor/bundle/ruby/2.5.0/gems/activerecord-5.2.4.3/lib/active_record/log_subscriber.rb:98
Processing by UsersController#create as HTML
  Parameters: {"authenticity_token"=>"57WD1fo0TQ/8pVCJ5DSxfDrj0pGUcB01ANSwOAdaCd1l0QB70ZHmvRJRqSQj+6bBLE2s6CYK1EvR1Xbd2NGwbQ==", "user"=>{"email"=>"dsasad@gmail.com", "password"=>"[FILTERED]"}}
  [1m[35m (0.2ms)[0m  [1m[35mBEGIN[0m
  ↳ app/controllers/users_controller.rb:9
  [1m[36mUser Exists (1.7ms)[0m  [1m[34mSELECT  1 AS one FROM "users" WHERE "users"."email" = $1 LIMIT $2[0m  [["email", "dsasad@gmail.com"], ["LIMIT", 1]]
  ↳ app/controllers/users_controller.rb:9
  [1m[36mUser Exists (0.4ms)[0m  [1m[34mSELECT  1 AS one FROM "users" WHERE "users"."session_token" = $1 LIMIT $2[0m  [["session_token", "hx-CQfrLHVF5LdJLS74wJQ"], ["LIMIT", 1]]
  ↳ app/controllers/users_controller.rb:9
  [1m[36mUser Create (1.7ms)[0m  [1m[32mINSERT INTO "users" ("email", "password_digest", "session_token", "created_at", "updated_at") VALUES ($1, $2, $3, $4, $5) RETURNING "id"[0m  [["email", "dsasad@gmail.com"], ["password_digest", "$2a$12$M7X4Zv2mocaiWrKpcWLBCeHoebmR6H4m74/EgWfLSA1/wJJrTJH5W"], ["session_token", "hx-CQfrLHVF5LdJLS74wJQ"], ["created_at", "2020-05-19 22:32:03.163386"], ["updated_at", "2020-05-19 22:32:03.163386"]]
  ↳ app/controllers/users_controller.rb:9
  [1m[35m (0.8ms)[0m  [1m[35mCOMMIT[0m
  ↳ app/controllers/users_controller.rb:9
Completed 500 Internal Server Error in 257ms (ActiveRecord: 12.9ms)


  
ArgumentError (wrong number of arguments (given 1, expected 0)):
  
app/controllers/application_controller.rb:12:in `login'
app/controllers/users_controller.rb:10:in `create'
Started POST "/users" for ::1 at 2020-05-19 15:32:43 -0700
Processing by UsersController#create as HTML
  Parameters: {"authenticity_token"=>"57WD1fo0TQ/8pVCJ5DSxfDrj0pGUcB01ANSwOAdaCd1l0QB70ZHmvRJRqSQj+6bBLE2s6CYK1EvR1Xbd2NGwbQ==", "user"=>{"email"=>"dsasad@gmail.com", "password"=>"[FILTERED]"}}
  [1m[35m (0.1ms)[0m  [1m[35mBEGIN[0m
  ↳ app/controllers/users_controller.rb:9
  [1m[36mUser Exists (0.4ms)[0m  [1m[34mSELECT  1 AS one FROM "users" WHERE "users"."email" = $1 LIMIT $2[0m  [["email", "dsasad@gmail.com"], ["LIMIT", 1]]
  ↳ app/controllers/users_controller.rb:9
  [1m[36mUser Exists (0.4ms)[0m  [1m[34mSELECT  1 AS one FROM "users" WHERE "users"."session_token" = $1 LIMIT $2[0m  [["session_token", "L-e1fpJ1zyCtGEPSkI_68g"], ["LIMIT", 1]]
  ↳ app/controllers/users_controller.rb:9
  [1m[35m (0.1ms)[0m  [1m[31mROLLBACK[0m
  ↳ app/controllers/users_controller.rb:9
Redirected to http://localhost:3000/users/new
Completed 302 Found in 238ms (ActiveRecord: 9.3ms)


Started GET "/users/new" for ::1 at 2020-05-19 15:32:43 -0700
Processing by UsersController#new as HTML
  Rendering users/new.html.erb within layouts/application
  Rendered users/new.html.erb within layouts/application (0.5ms)
Completed 200 OK in 161ms (Views: 160.4ms | ActiveRecord: 0.0ms)


Started POST "/users" for ::1 at 2020-05-19 15:32:55 -0700
Processing by UsersController#create as HTML
  Parameters: {"authenticity_token"=>"BURhV40F4/J4NAVTmtL0IK/2K+0LsDtgGePlLH6LnMCHIOL5pqBIQJbA/P5dHeOduVhVlLnK8h7I4iPJoQAlcA==", "user"=>{"email"=>"fsdklfsdkjl@gmail.com", "password"=>"[FILTERED]"}}
  [1m[35m (0.1ms)[0m  [1m[35mBEGIN[0m
  ↳ app/controllers/users_controller.rb:9
  [1m[36mUser Exists (0.3ms)[0m  [1m[34mSELECT  1 AS one FROM "users" WHERE "users"."email" = $1 LIMIT $2[0m  [["email", "fsdklfsdkjl@gmail.com"], ["LIMIT", 1]]
  ↳ app/controllers/users_controller.rb:9
  [1m[36mUser Exists (0.2ms)[0m  [1m[34mSELECT  1 AS one FROM "users" WHERE "users"."session_token" = $1 LIMIT $2[0m  [["session_token", "v8TIjvlg44YPDPrOplumug"], ["LIMIT", 1]]
  ↳ app/controllers/users_controller.rb:9
  [1m[36mUser Create (0.3ms)[0m  [1m[32mINSERT INTO "users" ("email", "password_digest", "session_token", "created_at", "updated_at") VALUES ($1, $2, $3, $4, $5) RETURNING "id"[0m  [["email", "fsdklfsdkjl@gmail.com"], ["password_digest", "$2a$12$/2hTTQLf9nDaHbYXtoa4.OTWkLRS4Z/WB3geFXvZXpSMWWKRnxrTS"], ["session_token", "v8TIjvlg44YPDPrOplumug"], ["created_at", "2020-05-19 22:32:56.215423"], ["updated_at", "2020-05-19 22:32:56.215423"]]
  ↳ app/controllers/users_controller.rb:9
  [1m[35m (0.3ms)[0m  [1m[35mCOMMIT[0m
  ↳ app/controllers/users_controller.rb:9
  [1m[35m (0.1ms)[0m  [1m[35mBEGIN[0m
  ↳ app/models/user.rb:20
  [1m[36mUser Exists (0.8ms)[0m  [1m[34mSELECT  1 AS one FROM "users" WHERE "users"."email" = $1 AND "users"."id" != $2 LIMIT $3[0m  [["email", "fsdklfsdkjl@gmail.com"], ["id", 2], ["LIMIT", 1]]
  ↳ app/models/user.rb:20
  [1m[36mUser Exists (0.5ms)[0m  [1m[34mSELECT  1 AS one FROM "users" WHERE "users"."session_token" = $1 AND "users"."id" != $2 LIMIT $3[0m  [["session_token", "gW41E4vGz8Xav1mYq3Uwgg"], ["id", 2], ["LIMIT", 1]]
  ↳ app/models/user.rb:20
  [1m[36mUser Update (0.6ms)[0m  [1m[33mUPDATE "users" SET "session_token" = $1, "updated_at" = $2 WHERE "users"."id" = $3[0m  [["session_token", "gW41E4vGz8Xav1mYq3Uwgg"], ["updated_at", "2020-05-19 22:32:56.226732"], ["id", 2]]
  ↳ app/models/user.rb:20
  [1m[35m (0.3ms)[0m  [1m[35mCOMMIT[0m
  ↳ app/models/user.rb:20
Completed 500 Internal Server Error in 377ms (ActiveRecord: 3.6ms)


  
NameError (undefined local variable or method `root_url' for #<UsersController:0x00007fb7ec0901b8>):
  
app/controllers/users_controller.rb:11:in `create'
Started POST "/users" for ::1 at 2020-05-19 15:34:30 -0700
  
ArgumentError (Missing :controller key on routes definition, please check your routes.):
  
config/routes.rb:3:in `block in <top (required)>'
config/routes.rb:1:in `<top (required)>'
Started GET "/users/new" for ::1 at 2020-05-19 15:38:38 -0700
Processing by UsersController#new as HTML
  Rendering users/new.html.erb within layouts/application
  Rendered users/new.html.erb within layouts/application (1.2ms)
Completed 200 OK in 54ms (Views: 32.1ms | ActiveRecord: 8.9ms)


Started POST "/users" for ::1 at 2020-05-19 15:38:44 -0700
Processing by UsersController#create as HTML
  Parameters: {"authenticity_token"=>"AI1RoklYafba9tCNm8H3IywnLL1wBHWk3yQvR4E7h8GC6dIMYv3CRDQCKSBcDuCeOolSxMJ+vNoOJemiXrA+cQ==", "user"=>{"email"=>"sdfhaskdjflh@gmail.com", "password"=>"[FILTERED]"}}
  [1m[35m (0.2ms)[0m  [1m[35mBEGIN[0m
  ↳ app/controllers/users_controller.rb:9
  [1m[36mUser Exists (0.5ms)[0m  [1m[34mSELECT  1 AS one FROM "users" WHERE "users"."email" = $1 LIMIT $2[0m  [["email", "sdfhaskdjflh@gmail.com"], ["LIMIT", 1]]
  ↳ app/controllers/users_controller.rb:9
  [1m[36mUser Exists (0.3ms)[0m  [1m[34mSELECT  1 AS one FROM "users" WHERE "users"."session_token" = $1 LIMIT $2[0m  [["session_token", "6X6ybXctmfQNDW9ScNhobw"], ["LIMIT", 1]]
  ↳ app/controllers/users_controller.rb:9
  [1m[36mUser Create (0.8ms)[0m  [1m[32mINSERT INTO "users" ("email", "password_digest", "session_token", "created_at", "updated_at") VALUES ($1, $2, $3, $4, $5) RETURNING "id"[0m  [["email", "sdfhaskdjflh@gmail.com"], ["password_digest", "$2a$12$422/XiVzr40dzI2Dbe/dvOIWjWeGnzTwgnywqqAIzFcr7NQxvR0k."], ["session_token", "6X6ybXctmfQNDW9ScNhobw"], ["created_at", "2020-05-19 22:38:44.521638"], ["updated_at", "2020-05-19 22:38:44.521638"]]
  ↳ app/controllers/users_controller.rb:9
  [1m[35m (0.3ms)[0m  [1m[35mCOMMIT[0m
  ↳ app/controllers/users_controller.rb:9
  [1m[35m (0.1ms)[0m  [1m[35mBEGIN[0m
  ↳ app/models/user.rb:20
  [1m[36mUser Exists (0.3ms)[0m  [1m[34mSELECT  1 AS one FROM "users" WHERE "users"."email" = $1 AND "users"."id" != $2 LIMIT $3[0m  [["email", "sdfhaskdjflh@gmail.com"], ["id", 3], ["LIMIT", 1]]
  ↳ app/models/user.rb:20
  [1m[36mUser Exists (0.3ms)[0m  [1m[34mSELECT  1 AS one FROM "users" WHERE "users"."session_token" = $1 AND "users"."id" != $2 LIMIT $3[0m  [["session_token", "LRyLKkm5VVdIxFr4ZsCHzg"], ["id", 3], ["LIMIT", 1]]
  ↳ app/models/user.rb:20
  [1m[36mUser Update (0.3ms)[0m  [1m[33mUPDATE "users" SET "session_token" = $1, "updated_at" = $2 WHERE "users"."id" = $3[0m  [["session_token", "LRyLKkm5VVdIxFr4ZsCHzg"], ["updated_at", "2020-05-19 22:38:44.526872"], ["id", 3]]
  ↳ app/models/user.rb:20
  [1m[35m (0.3ms)[0m  [1m[35mCOMMIT[0m
  ↳ app/models/user.rb:20
Completed 500 Internal Server Error in 360ms (ActiveRecord: 3.3ms)


  
NameError (undefined local variable or method `user' for #<UsersController:0x00007fb7eee3d070>
Did you mean?  @user):
  
app/controllers/users_controller.rb:11:in `create'
Started POST "/users" for ::1 at 2020-05-19 15:39:02 -0700
Processing by UsersController#create as HTML
  Parameters: {"authenticity_token"=>"AI1RoklYafba9tCNm8H3IywnLL1wBHWk3yQvR4E7h8GC6dIMYv3CRDQCKSBcDuCeOolSxMJ+vNoOJemiXrA+cQ==", "user"=>{"email"=>"sdfhaskdjfasdflh@gmail.com", "password"=>"[FILTERED]"}}
  [1m[35m (0.1ms)[0m  [1m[35mBEGIN[0m
  ↳ app/controllers/users_controller.rb:9
  [1m[36mUser Exists (0.3ms)[0m  [1m[34mSELECT  1 AS one FROM "users" WHERE "users"."email" = $1 LIMIT $2[0m  [["email", "sdfhaskdjfasdflh@gmail.com"], ["LIMIT", 1]]
  ↳ app/controllers/users_controller.rb:9
  [1m[36mUser Exists (0.4ms)[0m  [1m[34mSELECT  1 AS one FROM "users" WHERE "users"."session_token" = $1 LIMIT $2[0m  [["session_token", "I1yJwV9IdLBpNegapsTJqA"], ["LIMIT", 1]]
  ↳ app/controllers/users_controller.rb:9
  [1m[36mUser Create (0.3ms)[0m  [1m[32mINSERT INTO "users" ("email", "password_digest", "session_token", "created_at", "updated_at") VALUES ($1, $2, $3, $4, $5) RETURNING "id"[0m  [["email", "sdfhaskdjfasdflh@gmail.com"], ["password_digest", "$2a$12$wZP9EfWyrmrq5so2B24oPeIG6t6FZzlRwGTwhoKKQLjzjSC08VHBm"], ["session_token", "I1yJwV9IdLBpNegapsTJqA"], ["created_at", "2020-05-19 22:39:02.303444"], ["updated_at", "2020-05-19 22:39:02.303444"]]
  ↳ app/controllers/users_controller.rb:9
  [1m[35m (0.5ms)[0m  [1m[35mCOMMIT[0m
  ↳ app/controllers/users_controller.rb:9
  [1m[35m (0.1ms)[0m  [1m[35mBEGIN[0m
  ↳ app/models/user.rb:20
  [1m[36mUser Exists (0.3ms)[0m  [1m[34mSELECT  1 AS one FROM "users" WHERE "users"."email" = $1 AND "users"."id" != $2 LIMIT $3[0m  [["email", "sdfhaskdjfasdflh@gmail.com"], ["id", 4], ["LIMIT", 1]]
  ↳ app/models/user.rb:20
  [1m[36mUser Exists (0.3ms)[0m  [1m[34mSELECT  1 AS one FROM "users" WHERE "users"."session_token" = $1 AND "users"."id" != $2 LIMIT $3[0m  [["session_token", "C1XefjwDN6K7Qr0UChUjjw"], ["id", 4], ["LIMIT", 1]]
  ↳ app/models/user.rb:20
  [1m[36mUser Update (0.3ms)[0m  [1m[33mUPDATE "users" SET "session_token" = $1, "updated_at" = $2 WHERE "users"."id" = $3[0m  [["session_token", "C1XefjwDN6K7Qr0UChUjjw"], ["updated_at", "2020-05-19 22:39:02.307710"], ["id", 4]]
  ↳ app/models/user.rb:20
  [1m[35m (0.2ms)[0m  [1m[35mCOMMIT[0m
  ↳ app/models/user.rb:20
Redirected to http://localhost:3000/users/4
Completed 302 Found in 231ms (ActiveRecord: 8.5ms)


Started GET "/users/4" for ::1 at 2020-05-19 15:39:02 -0700
Processing by UsersController#show as HTML
  Parameters: {"id"=>"4"}
  Rendering users/show.html.erb within layouts/application
  Rendered users/show.html.erb within layouts/application (0.3ms)
Completed 200 OK in 26ms (Views: 25.9ms | ActiveRecord: 0.0ms)


Started POST "/users" for ::1 at 2020-05-19 16:04:48 -0700
Processing by UsersController#create as HTML
  Parameters: {"authenticity_token"=>"BURhV40F4/J4NAVTmtL0IK/2K+0LsDtgGePlLH6LnMCHIOL5pqBIQJbA/P5dHeOduVhVlLnK8h7I4iPJoQAlcA==", "user"=>{"email"=>"fsddfs@gmail.com", "password"=>"[FILTERED]"}}
  [1m[35m (0.2ms)[0m  [1m[35mBEGIN[0m
  ↳ app/controllers/users_controller.rb:9
  [1m[36mUser Exists (1.3ms)[0m  [1m[34mSELECT  1 AS one FROM "users" WHERE "users"."email" = $1 LIMIT $2[0m  [["email", "fsddfs@gmail.com"], ["LIMIT", 1]]
  ↳ app/controllers/users_controller.rb:9
  [1m[36mUser Exists (0.4ms)[0m  [1m[34mSELECT  1 AS one FROM "users" WHERE "users"."session_token" = $1 LIMIT $2[0m  [["session_token", "_yxIhr9ogHG0_xMzLgnklw"], ["LIMIT", 1]]
  ↳ app/controllers/users_controller.rb:9
  [1m[36mUser Create (2.3ms)[0m  [1m[32mINSERT INTO "users" ("email", "password_digest", "session_token", "created_at", "updated_at") VALUES ($1, $2, $3, $4, $5) RETURNING "id"[0m  [["email", "fsddfs@gmail.com"], ["password_digest", "$2a$12$W8Chw8wYq/NTq0URdUYOZedS.HqvEcw0TNXZG1AlQWo8CqO1q4x7i"], ["session_token", "_yxIhr9ogHG0_xMzLgnklw"], ["created_at", "2020-05-19 23:04:48.495533"], ["updated_at", "2020-05-19 23:04:48.495533"]]
  ↳ app/controllers/users_controller.rb:9
  [1m[35m (1.3ms)[0m  [1m[35mCOMMIT[0m
  ↳ app/controllers/users_controller.rb:9
  [1m[35m (0.1ms)[0m  [1m[35mBEGIN[0m
  ↳ app/models/user.rb:20
  [1m[36mUser Exists (0.4ms)[0m  [1m[34mSELECT  1 AS one FROM "users" WHERE "users"."email" = $1 AND "users"."id" != $2 LIMIT $3[0m  [["email", "fsddfs@gmail.com"], ["id", 5], ["LIMIT", 1]]
  ↳ app/models/user.rb:20
  [1m[36mUser Exists (0.3ms)[0m  [1m[34mSELECT  1 AS one FROM "users" WHERE "users"."session_token" = $1 AND "users"."id" != $2 LIMIT $3[0m  [["session_token", "qnRVl6J0WRVLY2yODL327A"], ["id", 5], ["LIMIT", 1]]
  ↳ app/models/user.rb:20
  [1m[36mUser Update (0.4ms)[0m  [1m[33mUPDATE "users" SET "session_token" = $1, "updated_at" = $2 WHERE "users"."id" = $3[0m  [["session_token", "qnRVl6J0WRVLY2yODL327A"], ["updated_at", "2020-05-19 23:04:48.507400"], ["id", 5]]
  ↳ app/models/user.rb:20
  [1m[35m (0.3ms)[0m  [1m[35mCOMMIT[0m
  ↳ app/models/user.rb:20
Redirected to http://localhost:3000/users/5
Completed 302 Found in 246ms (ActiveRecord: 6.9ms)


Started GET "/users/5" for ::1 at 2020-05-19 16:04:48 -0700
Processing by UsersController#show as HTML
  Parameters: {"id"=>"5"}
  Rendering users/show.html.erb within layouts/application
  Rendered users/show.html.erb within layouts/application (1.0ms)
Completed 200 OK in 54ms (Views: 53.4ms | ActiveRecord: 0.0ms)


Started GET "/users/5" for ::1 at 2020-05-19 16:09:40 -0700
Processing by UsersController#show as HTML
  Parameters: {"id"=>"5"}
  [1m[36mUser Load (0.2ms)[0m  [1m[34mSELECT  "users".* FROM "users" WHERE "users"."id" = $1 LIMIT $2[0m  [["id", 5], ["LIMIT", 1]]
  ↳ app/controllers/users_controller.rb:18
  Rendering users/show.html.erb within layouts/application
  Rendered users/show.html.erb within layouts/application (0.4ms)
Completed 200 OK in 60ms (Views: 36.4ms | ActiveRecord: 10.5ms)


Started GET "/users/5" for ::1 at 2020-05-19 16:18:22 -0700
Processing by UsersController#show as HTML
  Parameters: {"id"=>"5"}
  [1m[36mUser Load (0.7ms)[0m  [1m[34mSELECT  "users".* FROM "users" WHERE "users"."id" = $1 LIMIT $2[0m  [["id", 5], ["LIMIT", 1]]
  ↳ app/controllers/users_controller.rb:18
  Rendering users/show.html.erb within layouts/application
  Rendered users/show.html.erb within layouts/application (1.4ms)
Completed 500 Internal Server Error in 350ms (ActiveRecord: 1.0ms)


  
ActionView::Template::Error (undefined local variable or method `new_users_url' for #<#<Class:0x00007fb7ea66b508>:0x00007fb7ea5d6318>
Did you mean?  new_user_url):
    10:   </head>
    11: 
    12:   <body>
    13:   <a href="<%=new_users_url%>"></a>
    14:   <a href="<%=new_session_url%>"></a>
    15:     <%= yield %>
    16:   </body>
  
app/views/layouts/application.html.erb:13:in `_app_views_layouts_application_html_erb___3942937994449957785_70213952501040'
app/controllers/users_controller.rb:19:in `show'
Started GET "/users/5" for ::1 at 2020-05-19 16:18:36 -0700
Processing by UsersController#show as HTML
  Parameters: {"id"=>"5"}
  [1m[36mUser Load (0.4ms)[0m  [1m[34mSELECT  "users".* FROM "users" WHERE "users"."id" = $1 LIMIT $2[0m  [["id", 5], ["LIMIT", 1]]
  ↳ app/controllers/users_controller.rb:18
  Rendering users/show.html.erb within layouts/application
  Rendered users/show.html.erb within layouts/application (0.3ms)
Completed 200 OK in 29ms (Views: 27.0ms | ActiveRecord: 0.4ms)


Started GET "/users/5" for ::1 at 2020-05-19 16:18:39 -0700
Processing by UsersController#show as HTML
  Parameters: {"id"=>"5"}
  [1m[36mUser Load (0.3ms)[0m  [1m[34mSELECT  "users".* FROM "users" WHERE "users"."id" = $1 LIMIT $2[0m  [["id", 5], ["LIMIT", 1]]
  ↳ app/controllers/users_controller.rb:18
  Rendering users/show.html.erb within layouts/application
  Rendered users/show.html.erb within layouts/application (0.3ms)
Completed 200 OK in 25ms (Views: 23.3ms | ActiveRecord: 0.3ms)


Started GET "/users/5" for ::1 at 2020-05-19 16:19:08 -0700
Processing by UsersController#show as HTML
  Parameters: {"id"=>"5"}
  [1m[36mUser Load (0.4ms)[0m  [1m[34mSELECT  "users".* FROM "users" WHERE "users"."id" = $1 LIMIT $2[0m  [["id", 5], ["LIMIT", 1]]
  ↳ app/controllers/users_controller.rb:18
  Rendering users/show.html.erb within layouts/application
  Rendered users/show.html.erb within layouts/application (0.3ms)
Completed 200 OK in 23ms (Views: 21.0ms | ActiveRecord: 0.4ms)


Started GET "/users/new" for ::1 at 2020-05-19 16:19:17 -0700
Processing by UsersController#new as HTML
  Rendering users/new.html.erb within layouts/application
  Rendered users/new.html.erb within layouts/application (0.6ms)
Completed 200 OK in 27ms (Views: 26.4ms | ActiveRecord: 0.0ms)


Started GET "/session/new" for ::1 at 2020-05-19 16:19:19 -0700
Processing by SessionsController#new as HTML
  Rendering sessions/new.html.erb within layouts/application
  Rendered sessions/new.html.erb within layouts/application (0.6ms)
Completed 200 OK in 24ms (Views: 23.5ms | ActiveRecord: 0.0ms)


Started GET "/users/new" for ::1 at 2020-05-19 16:19:20 -0700
Processing by UsersController#new as HTML
  Rendering users/new.html.erb within layouts/application
  Rendered users/new.html.erb within layouts/application (0.9ms)
Completed 200 OK in 34ms (Views: 32.6ms | ActiveRecord: 0.0ms)


Started GET "/users/new" for ::1 at 2020-05-19 16:23:15 -0700
Processing by UsersController#new as HTML
  Rendering users/new.html.erb within layouts/application
  Rendered users/new.html.erb within layouts/application (0.5ms)
Completed 500 Internal Server Error in 150ms (ActiveRecord: 11.3ms)


  
ActionView::Template::Error (undefined method `logged_in?' for #<#<Class:0x00007fb7eb51c980>:0x00007fb7eb514348>
Did you mean?  logger?):
    10:   </head>
    11: 
    12:   <body>
    13:   <% if !logged_in? %>
    14:   <a href="<%=new_user_url%>">Sign Up</a>
    15:   <a href="<%=new_session_url%>">Sign In</a>
    16:     <% else %>
  
app/views/layouts/application.html.erb:13:in `_app_views_layouts_application_html_erb___3942937994449957785_70213951812140'
app/controllers/users_controller.rb:4:in `new'
Started GET "/users/new" for ::1 at 2020-05-19 16:26:04 -0700
Processing by UsersController#new as HTML
  Rendering users/new.html.erb within layouts/application
  Rendered users/new.html.erb within layouts/application (0.6ms)
  [1m[36mUser Load (0.3ms)[0m  [1m[34mSELECT  "users".* FROM "users" WHERE "users"."session_token" = $1 LIMIT $2[0m  [["session_token", "qnRVl6J0WRVLY2yODL327A"], ["LIMIT", 1]]
  ↳ app/controllers/application_controller.rb:6
Completed 200 OK in 41ms (Views: 27.9ms | ActiveRecord: 5.5ms)


Started DELETE "/session" for ::1 at 2020-05-19 16:26:09 -0700
  
ActionController::RoutingError (No route matches [DELETE] "/session"):
  
actionpack (5.2.4.3) lib/action_dispatch/middleware/debug_exceptions.rb:65:in `call'
web-console (3.7.0) lib/web_console/middleware.rb:135:in `call_app'
web-console (3.7.0) lib/web_console/middleware.rb:30:in `block in call'
web-console (3.7.0) lib/web_console/middleware.rb:20:in `catch'
web-console (3.7.0) lib/web_console/middleware.rb:20:in `call'
actionpack (5.2.4.3) lib/action_dispatch/middleware/show_exceptions.rb:33:in `call'
railties (5.2.4.3) lib/rails/rack/logger.rb:38:in `call_app'
railties (5.2.4.3) lib/rails/rack/logger.rb:26:in `block in call'
activesupport (5.2.4.3) lib/active_support/tagged_logging.rb:71:in `block in tagged'
activesupport (5.2.4.3) lib/active_support/tagged_logging.rb:28:in `tagged'
activesupport (5.2.4.3) lib/active_support/tagged_logging.rb:71:in `tagged'
railties (5.2.4.3) lib/rails/rack/logger.rb:26:in `call'
sprockets-rails (3.2.1) lib/sprockets/rails/quiet_assets.rb:13:in `call'
actionpack (5.2.4.3) lib/action_dispatch/middleware/remote_ip.rb:81:in `call'
actionpack (5.2.4.3) lib/action_dispatch/middleware/request_id.rb:27:in `call'
rack (2.2.2) lib/rack/method_override.rb:24:in `call'
rack (2.2.2) lib/rack/runtime.rb:22:in `call'
activesupport (5.2.4.3) lib/active_support/cache/strategy/local_cache_middleware.rb:29:in `call'
actionpack (5.2.4.3) lib/action_dispatch/middleware/executor.rb:14:in `call'
actionpack (5.2.4.3) lib/action_dispatch/middleware/static.rb:127:in `call'
rack (2.2.2) lib/rack/sendfile.rb:110:in `call'
railties (5.2.4.3) lib/rails/engine.rb:524:in `call'
puma (3.12.5) lib/puma/configuration.rb:227:in `call'
puma (3.12.5) lib/puma/server.rb:675:in `handle_request'
puma (3.12.5) lib/puma/server.rb:476:in `process_client'
puma (3.12.5) lib/puma/server.rb:334:in `block in run'
puma (3.12.5) lib/puma/thread_pool.rb:135:in `block in spawn_thread'
Started DELETE "/session" for ::1 at 2020-05-19 16:26:32 -0700
Processing by SessionsController#destroy as HTML
  Parameters: {"authenticity_token"=>"Zzy14xBC0qS4zTSrYf0G+5U6ry08IP4brPf9pYkhBjPlWDZNO+d5FlY5zQamMhFGg5TRVI5aN2V99jtAVqq/gw=="}
  [1m[36mUser Load (0.3ms)[0m  [1m[34mSELECT  "users".* FROM "users" WHERE "users"."session_token" = $1 LIMIT $2[0m  [["session_token", "qnRVl6J0WRVLY2yODL327A"], ["LIMIT", 1]]
  ↳ app/controllers/application_controller.rb:6
  [1m[35m (0.2ms)[0m  [1m[35mBEGIN[0m
  ↳ app/models/user.rb:20
  [1m[36mUser Exists (0.4ms)[0m  [1m[34mSELECT  1 AS one FROM "users" WHERE "users"."email" = $1 AND "users"."id" != $2 LIMIT $3[0m  [["email", "fsddfs@gmail.com"], ["id", 5], ["LIMIT", 1]]
  ↳ app/models/user.rb:20
  [1m[36mUser Exists (0.4ms)[0m  [1m[34mSELECT  1 AS one FROM "users" WHERE "users"."session_token" = $1 AND "users"."id" != $2 LIMIT $3[0m  [["session_token", "54b39Sp5zyvyx3wS1rsNuQ"], ["id", 5], ["LIMIT", 1]]
  ↳ app/models/user.rb:20
  [1m[36mUser Update (1.2ms)[0m  [1m[33mUPDATE "users" SET "session_token" = $1, "updated_at" = $2 WHERE "users"."id" = $3[0m  [["session_token", "54b39Sp5zyvyx3wS1rsNuQ"], ["updated_at", "2020-05-19 23:26:32.733659"], ["id", 5]]
  ↳ app/models/user.rb:20
  [1m[35m (1.0ms)[0m  [1m[35mCOMMIT[0m
  ↳ app/models/user.rb:20
Redirected to http://localhost:3000/session/new
Completed 302 Found in 24ms (ActiveRecord: 8.8ms)


Started GET "/session/new" for ::1 at 2020-05-19 16:26:32 -0700
Processing by SessionsController#new as HTML
  Rendering sessions/new.html.erb within layouts/application
  Rendered sessions/new.html.erb within layouts/application (0.6ms)
  [1m[36mUser Load (0.2ms)[0m  [1m[34mSELECT  "users".* FROM "users" WHERE "users"."session_token" IS NULL LIMIT $1[0m  [["LIMIT", 1]]
  ↳ app/controllers/application_controller.rb:6
Completed 200 OK in 33ms (Views: 32.3ms | ActiveRecord: 0.2ms)


Started GET "/users/new" for ::1 at 2020-05-19 16:26:38 -0700
Processing by UsersController#new as HTML
  Rendering users/new.html.erb within layouts/application
  Rendered users/new.html.erb within layouts/application (0.7ms)
  [1m[36mUser Load (0.3ms)[0m  [1m[34mSELECT  "users".* FROM "users" WHERE "users"."session_token" IS NULL LIMIT $1[0m  [["LIMIT", 1]]
  ↳ app/controllers/application_controller.rb:6
Completed 200 OK in 29ms (Views: 27.5ms | ActiveRecord: 0.3ms)


Started POST "/users" for ::1 at 2020-05-19 16:26:44 -0700
Processing by UsersController#create as HTML
  Parameters: {"authenticity_token"=>"o3jjRVrTbx/RrLq9UuuG9M6gbiBwPaC2PNBagp2pdMMhHGDrcXbErT9YQxCVJJFJ2A4QWcJHacjt0ZxnQiLNcw==", "user"=>{"email"=>"sfsadffsad@gmail.com", "password"=>"[FILTERED]"}}
  [1m[35m (0.1ms)[0m  [1m[35mBEGIN[0m
  ↳ app/controllers/users_controller.rb:9
  [1m[36mUser Exists (0.3ms)[0m  [1m[34mSELECT  1 AS one FROM "users" WHERE "users"."email" = $1 LIMIT $2[0m  [["email", "sfsadffsad@gmail.com"], ["LIMIT", 1]]
  ↳ app/controllers/users_controller.rb:9
  [1m[36mUser Exists (0.3ms)[0m  [1m[34mSELECT  1 AS one FROM "users" WHERE "users"."session_token" = $1 LIMIT $2[0m  [["session_token", "wIfo_HIEAIglJnMrxRU4wg"], ["LIMIT", 1]]
  ↳ app/controllers/users_controller.rb:9
  [1m[36mUser Create (0.4ms)[0m  [1m[32mINSERT INTO "users" ("email", "password_digest", "session_token", "created_at", "updated_at") VALUES ($1, $2, $3, $4, $5) RETURNING "id"[0m  [["email", "sfsadffsad@gmail.com"], ["password_digest", "$2a$12$W7WvkUjP0XWyzljojjJbIuWOWCfNd0HvePELaTtcDmvs6/VA8ySWS"], ["session_token", "wIfo_HIEAIglJnMrxRU4wg"], ["created_at", "2020-05-19 23:26:44.877804"], ["updated_at", "2020-05-19 23:26:44.877804"]]
  ↳ app/controllers/users_controller.rb:9
  [1m[35m (0.5ms)[0m  [1m[35mCOMMIT[0m
  ↳ app/controllers/users_controller.rb:9
  [1m[35m (0.1ms)[0m  [1m[35mBEGIN[0m
  ↳ app/models/user.rb:20
  [1m[36mUser Exists (0.3ms)[0m  [1m[34mSELECT  1 AS one FROM "users" WHERE "users"."email" = $1 AND "users"."id" != $2 LIMIT $3[0m  [["email", "sfsadffsad@gmail.com"], ["id", 6], ["LIMIT", 1]]
  ↳ app/models/user.rb:20
  [1m[36mUser Exists (0.2ms)[0m  [1m[34mSELECT  1 AS one FROM "users" WHERE "users"."session_token" = $1 AND "users"."id" != $2 LIMIT $3[0m  [["session_token", "8phlSQfld1HAkYKVjXD5zw"], ["id", 6], ["LIMIT", 1]]
  ↳ app/models/user.rb:20
  [1m[36mUser Update (0.3ms)[0m  [1m[33mUPDATE "users" SET "session_token" = $1, "updated_at" = $2 WHERE "users"."id" = $3[0m  [["session_token", "8phlSQfld1HAkYKVjXD5zw"], ["updated_at", "2020-05-19 23:26:44.882003"], ["id", 6]]
  ↳ app/models/user.rb:20
  [1m[35m (0.2ms)[0m  [1m[35mCOMMIT[0m
  ↳ app/models/user.rb:20
Redirected to http://localhost:3000/users/6
Completed 302 Found in 218ms (ActiveRecord: 2.8ms)


Started GET "/users/6" for ::1 at 2020-05-19 16:26:44 -0700
Processing by UsersController#show as HTML
  Parameters: {"id"=>"6"}
  [1m[36mUser Load (0.2ms)[0m  [1m[34mSELECT  "users".* FROM "users" WHERE "users"."id" = $1 LIMIT $2[0m  [["id", 6], ["LIMIT", 1]]
  ↳ app/controllers/users_controller.rb:18
  Rendering users/show.html.erb within layouts/application
  Rendered users/show.html.erb within layouts/application (0.4ms)
  [1m[36mUser Load (0.3ms)[0m  [1m[34mSELECT  "users".* FROM "users" WHERE "users"."session_token" = $1 LIMIT $2[0m  [["session_token", "8phlSQfld1HAkYKVjXD5zw"], ["LIMIT", 1]]
  ↳ app/controllers/application_controller.rb:6
Completed 200 OK in 37ms (Views: 35.4ms | ActiveRecord: 0.5ms)


Started DELETE "/session" for ::1 at 2020-05-19 16:26:50 -0700
Processing by SessionsController#destroy as HTML
  Parameters: {"authenticity_token"=>"Mz7V1FpQIHMLId5CFeJVWmrv/979yCnJnAo7+SRCAGuxWlZ6cfWLweXVJ+/SLULnfEGBp0+y4LdNC/0c+8m52w=="}
  [1m[36mUser Load (0.4ms)[0m  [1m[34mSELECT  "users".* FROM "users" WHERE "users"."session_token" = $1 LIMIT $2[0m  [["session_token", "8phlSQfld1HAkYKVjXD5zw"], ["LIMIT", 1]]
  ↳ app/controllers/application_controller.rb:6
  [1m[35m (0.2ms)[0m  [1m[35mBEGIN[0m
  ↳ app/models/user.rb:20
  [1m[36mUser Exists (0.4ms)[0m  [1m[34mSELECT  1 AS one FROM "users" WHERE "users"."email" = $1 AND "users"."id" != $2 LIMIT $3[0m  [["email", "sfsadffsad@gmail.com"], ["id", 6], ["LIMIT", 1]]
  ↳ app/models/user.rb:20
  [1m[36mUser Exists (0.5ms)[0m  [1m[34mSELECT  1 AS one FROM "users" WHERE "users"."session_token" = $1 AND "users"."id" != $2 LIMIT $3[0m  [["session_token", "QoE-qeDh9ysI-p1dJlT1oQ"], ["id", 6], ["LIMIT", 1]]
  ↳ app/models/user.rb:20
  [1m[36mUser Update (0.7ms)[0m  [1m[33mUPDATE "users" SET "session_token" = $1, "updated_at" = $2 WHERE "users"."id" = $3[0m  [["session_token", "QoE-qeDh9ysI-p1dJlT1oQ"], ["updated_at", "2020-05-19 23:26:50.926426"], ["id", 6]]
  ↳ app/models/user.rb:20
  [1m[35m (0.3ms)[0m  [1m[35mCOMMIT[0m
  ↳ app/models/user.rb:20
Redirected to http://localhost:3000/session/new
Completed 302 Found in 10ms (ActiveRecord: 2.4ms)


Started GET "/session/new" for ::1 at 2020-05-19 16:26:50 -0700
Processing by SessionsController#new as HTML
  Rendering sessions/new.html.erb within layouts/application
  Rendered sessions/new.html.erb within layouts/application (0.9ms)
  [1m[36mUser Load (0.3ms)[0m  [1m[34mSELECT  "users".* FROM "users" WHERE "users"."session_token" IS NULL LIMIT $1[0m  [["LIMIT", 1]]
  ↳ app/controllers/application_controller.rb:6
Completed 200 OK in 43ms (Views: 42.4ms | ActiveRecord: 0.3ms)


  [1m[35m (1.2ms)[0m  [1m[34mSELECT pg_try_advisory_lock(4505726345591715405)[0m
  ↳ bin/rails:4
  [1m[35m (1.3ms)[0m  [1m[34mSELECT "schema_migrations"."version" FROM "schema_migrations" ORDER BY "schema_migrations"."version" ASC[0m
  ↳ bin/rails:4
Migrating to CreateBands (20200519233045)
  [1m[35m (0.2ms)[0m  [1m[35mBEGIN[0m
  ↳ bin/rails:4
  [1m[35m (12.2ms)[0m  [1m[35mCREATE TABLE "bands" ("id" bigserial primary key, "name" character varying NOT NULL, "created_at" timestamp NOT NULL, "updated_at" timestamp NOT NULL)[0m
  ↳ db/migrate/20200519233045_create_bands.rb:3
  [1m[36mActiveRecord::SchemaMigration Create (1.0ms)[0m  [1m[32mINSERT INTO "schema_migrations" ("version") VALUES ($1) RETURNING "version"[0m  [["version", "20200519233045"]]
  ↳ bin/rails:4
  [1m[35m (0.5ms)[0m  [1m[35mCOMMIT[0m
  ↳ bin/rails:4
  [1m[36mActiveRecord::InternalMetadata Load (0.5ms)[0m  [1m[34mSELECT  "ar_internal_metadata".* FROM "ar_internal_metadata" WHERE "ar_internal_metadata"."key" = $1 LIMIT $2[0m  [["key", "environment"], ["LIMIT", 1]]
  ↳ bin/rails:4
  [1m[35m (0.1ms)[0m  [1m[35mBEGIN[0m
  ↳ bin/rails:4
  [1m[35m (0.1ms)[0m  [1m[35mCOMMIT[0m
  ↳ bin/rails:4
  [1m[35m (0.2ms)[0m  [1m[34mSELECT pg_advisory_unlock(4505726345591715405)[0m
  ↳ bin/rails:4
  [1m[35m (0.2ms)[0m  [1m[34mSELECT "schema_migrations"."version" FROM "schema_migrations" ORDER BY "schema_migrations"."version" ASC[0m
  ↳ bin/rails:4
  [1m[36mUser Load (0.5ms)[0m  [1m[34mSELECT  "users".* FROM "users" ORDER BY "users"."id" ASC LIMIT $1[0m  [["LIMIT", 1]]
  [1m[36mUser Load (0.7ms)[0m  [1m[34mSELECT  "users".* FROM "users" ORDER BY "users"."id" ASC LIMIT $1[0m  [["LIMIT", 1]]
  [1m[36mUser Load (0.5ms)[0m  [1m[34mSELECT  "users".* FROM "users" ORDER BY "users"."id" ASC LIMIT $1[0m  [["LIMIT", 1]]
Started GET "/bands/1" for ::1 at 2020-05-19 16:51:55 -0700
  [1m[35m (1.8ms)[0m  [1m[34mSELECT "schema_migrations"."version" FROM "schema_migrations" ORDER BY "schema_migrations"."version" ASC[0m
  ↳ /Users/elishakutnick/vendor/bundle/ruby/2.5.0/gems/activerecord-5.2.4.3/lib/active_record/log_subscriber.rb:98
Processing by BandsController#show as HTML
  Parameters: {"id"=>"1"}
  [1m[36mBand Load (0.8ms)[0m  [1m[34mSELECT  "bands".* FROM "bands" WHERE "bands"."id" = $1 LIMIT $2[0m  [["id", 1], ["LIMIT", 1]]
  ↳ app/controllers/bands_controller.rb:67
Completed 404 Not Found in 20ms (ActiveRecord: 11.2ms)


  
ActiveRecord::RecordNotFound (Couldn't find Band with 'id'=1):
  
app/controllers/bands_controller.rb:67:in `set_band'
Started GET "/bands/1/edit" for ::1 at 2020-05-19 16:52:42 -0700
Processing by BandsController#edit as HTML
  Parameters: {"id"=>"1"}
  [1m[36mBand Load (0.5ms)[0m  [1m[34mSELECT  "bands".* FROM "bands" WHERE "bands"."id" = $1 LIMIT $2[0m  [["id", 1], ["LIMIT", 1]]
  ↳ app/controllers/bands_controller.rb:67
Completed 404 Not Found in 3ms (ActiveRecord: 0.5ms)


  
ActiveRecord::RecordNotFound (Couldn't find Band with 'id'=1):
  
app/controllers/bands_controller.rb:67:in `set_band'
  [1m[35m (0.2ms)[0m  [1m[35mBEGIN[0m
  [1m[36mBand Create (2.1ms)[0m  [1m[32mINSERT INTO "bands" ("name", "created_at", "updated_at") VALUES ($1, $2, $3) RETURNING "id"[0m  [["name", "Green Day"], ["created_at", "2020-05-19 23:53:01.399817"], ["updated_at", "2020-05-19 23:53:01.399817"]]
  [1m[35m (1.1ms)[0m  [1m[35mCOMMIT[0m
Started GET "/bands/1/edit" for ::1 at 2020-05-19 16:53:03 -0700
Processing by BandsController#edit as HTML
  Parameters: {"id"=>"1"}
  [1m[36mBand Load (0.5ms)[0m  [1m[34mSELECT  "bands".* FROM "bands" WHERE "bands"."id" = $1 LIMIT $2[0m  [["id", 1], ["LIMIT", 1]]
  ↳ app/controllers/bands_controller.rb:67
  Rendering bands/edit.html.erb within layouts/application
  Rendered bands/_form.html.erb (233.1ms)
  Rendered bands/edit.html.erb within layouts/application (238.4ms)
Completed 500 Internal Server Error in 257ms (ActiveRecord: 0.5ms)


  
ActionView::Template::Error (undefined local variable or method `parms' for #<#<Class:0x00007fb7ea682c58>:0x00007fb7ea680f48>
Did you mean?  params):
    1: <%# band == <Band id: 1, name: "dsasad@gmail.com" %>
    2: <% action_url = band.persisted? ? band_url(band(parms[:id])) : bands_url %>
    3: <% http_method = band.persisted? ? "PATCH" : "POST" %>
    4: 
    5: <form class='form' action="<%= action_url %>" method="POST">
  
app/views/bands/_form.html.erb:2:in `_app_views_bands__form_html_erb__3445597994994719445_70213944164760'
app/views/bands/edit.html.erb:3:in `_app_views_bands_edit_html_erb___1032659412409345920_70213944220580'
Started GET "/bands/1/edit" for ::1 at 2020-05-19 16:53:19 -0700
Processing by BandsController#edit as HTML
  Parameters: {"id"=>"1"}
  [1m[36mBand Load (0.4ms)[0m  [1m[34mSELECT  "bands".* FROM "bands" WHERE "bands"."id" = $1 LIMIT $2[0m  [["id", 1], ["LIMIT", 1]]
  ↳ app/controllers/bands_controller.rb:67
  Rendering bands/edit.html.erb within layouts/application
  Rendered bands/_form.html.erb (1.3ms)
  Rendered bands/edit.html.erb within layouts/application (5.0ms)
  [1m[36mUser Load (0.6ms)[0m  [1m[34mSELECT  "users".* FROM "users" WHERE "users"."session_token" IS NULL LIMIT $1[0m  [["LIMIT", 1]]
  ↳ app/controllers/application_controller.rb:6
Completed 200 OK in 201ms (Views: 190.7ms | ActiveRecord: 4.6ms)


Started GET "/bands/new" for ::1 at 2020-05-19 16:57:14 -0700
Processing by BandsController#new as HTML
  Rendering bands/new.html.erb within layouts/application
  Rendered bands/_form.html.erb (5.6ms)
  Rendered bands/new.html.erb within layouts/application (10.2ms)
  [1m[36mUser Load (0.6ms)[0m  [1m[34mSELECT  "users".* FROM "users" WHERE "users"."session_token" IS NULL LIMIT $1[0m  [["LIMIT", 1]]
  ↳ app/controllers/application_controller.rb:6
Completed 200 OK in 136ms (Views: 75.5ms | ActiveRecord: 33.8ms)


Started POST "/bands" for ::1 at 2020-05-19 16:57:24 -0700
Processing by BandsController#create as HTML
  Parameters: {"authenticity_token"=>"p4lyNvvrz23Nvve6vi3tcVA/yX7n2sMZ4wO8hpuNgdUl7fGY0E5k3yNKDhd54vrMRpG3B1WgCmcyAnpjRAY4ZQ==", "band"=>{"name"=>"yellow card"}}
  [1m[35m (0.7ms)[0m  [1m[35mBEGIN[0m
  ↳ app/controllers/bands_controller.rb:30
  [1m[36mBand Create (3.8ms)[0m  [1m[32mINSERT INTO "bands" ("name", "created_at", "updated_at") VALUES ($1, $2, $3) RETURNING "id"[0m  [["name", "yellow card"], ["created_at", "2020-05-19 23:57:24.914284"], ["updated_at", "2020-05-19 23:57:24.914284"]]
  ↳ app/controllers/bands_controller.rb:30
  [1m[35m (1.6ms)[0m  [1m[35mCOMMIT[0m
  ↳ app/controllers/bands_controller.rb:30
Redirected to http://localhost:3000/bands/2
Completed 302 Found in 14ms (ActiveRecord: 6.1ms)


Started GET "/bands/2" for ::1 at 2020-05-19 16:57:24 -0700
Processing by BandsController#show as HTML
  Parameters: {"id"=>"2"}
  [1m[36mBand Load (0.6ms)[0m  [1m[34mSELECT  "bands".* FROM "bands" WHERE "bands"."id" = $1 LIMIT $2[0m  [["id", 2], ["LIMIT", 1]]
  ↳ app/controllers/bands_controller.rb:67
  Rendering bands/show.html.erb within layouts/application
  Rendered bands/show.html.erb within layouts/application (0.8ms)
  [1m[36mUser Load (0.5ms)[0m  [1m[34mSELECT  "users".* FROM "users" WHERE "users"."session_token" IS NULL LIMIT $1[0m  [["LIMIT", 1]]
  ↳ app/controllers/application_controller.rb:6
Completed 200 OK in 46ms (Views: 38.7ms | ActiveRecord: 1.0ms)


Started GET "/bands/2.json" for ::1 at 2020-05-19 16:58:40 -0700
Processing by BandsController#show as JSON
  Parameters: {"id"=>"2"}
  [1m[36mBand Load (0.5ms)[0m  [1m[34mSELECT  "bands".* FROM "bands" WHERE "bands"."id" = $1 LIMIT $2[0m  [["id", 2], ["LIMIT", 1]]
  ↳ app/controllers/bands_controller.rb:67
  Rendering bands/show.json.jbuilder
  Rendered bands/_band.json.jbuilder (2.9ms)
  Rendered bands/show.json.jbuilder (5.2ms)
Completed 200 OK in 20ms (Views: 14.4ms | ActiveRecord: 0.5ms)


Started GET "/bands/2" for ::1 at 2020-05-19 16:58:45 -0700
Processing by BandsController#show as HTML
  Parameters: {"id"=>"2"}
  [1m[36mBand Load (0.4ms)[0m  [1m[34mSELECT  "bands".* FROM "bands" WHERE "bands"."id" = $1 LIMIT $2[0m  [["id", 2], ["LIMIT", 1]]
  ↳ app/controllers/bands_controller.rb:67
  Rendering bands/show.html.erb within layouts/application
  Rendered bands/show.html.erb within layouts/application (1.0ms)
  [1m[36mUser Load (0.3ms)[0m  [1m[34mSELECT  "users".* FROM "users" WHERE "users"."session_token" IS NULL LIMIT $1[0m  [["LIMIT", 1]]
  ↳ app/controllers/application_controller.rb:6
Completed 200 OK in 60ms (Views: 54.9ms | ActiveRecord: 0.7ms)


Started GET "/bands/2.json" for ::1 at 2020-05-19 16:58:48 -0700
Processing by BandsController#show as JSON
  Parameters: {"id"=>"2"}
  [1m[36mBand Load (0.3ms)[0m  [1m[34mSELECT  "bands".* FROM "bands" WHERE "bands"."id" = $1 LIMIT $2[0m  [["id", 2], ["LIMIT", 1]]
  ↳ app/controllers/bands_controller.rb:67
  Rendering bands/show.json.jbuilder
  Rendered bands/_band.json.jbuilder (0.5ms)
  Rendered bands/show.json.jbuilder (1.8ms)
Completed 200 OK in 14ms (Views: 10.1ms | ActiveRecord: 0.3ms)


